<?xml version="1.0" encoding="UTF-8"?>
<!-- Generated by org.testng.reporters.JUnitReportReporter -->
<testsuite hostname="LAPTOP-4HAH12EE" failures="0" tests="2" name="tests.HomePageTest" time="53.435" errors="0" timestamp="11 May 2020 08:49:32 GMT" skipped="0">
  <testcase classname="tests.HomePageTest" name="testSignInOption" time="22.799"/>
  <testcase classname="tests.HomePageTest" name="testSignUpOption" time="30.636"/>
</testsuite> <!-- tests.HomePageTest -->
